================================================================================
== Profile: REAL-TIME, CPU-freq = 0.00 GHz
                                                          Calls Real-Time  Parent 
                                                                   (secs) fraction

    <zixl_543IiP35>~_zixl                                                1 20333037224.0 (100.0%)
  zixl_z57-ZAiL~_zixl                                                    1 20333037224.0         
    zixl_iSe2-4IPr155~_zixl                                              1 1638059706.0 (  8.1%)
      zixl_tP42-1eAyPIA2iPL~_zixl                                        1 1098079197.0 ( 67.0%)
        zixl_tP42-ZAiL~_zixl                                             1 1046316750.0 ( 95.3%)
          zixl_bgV-NIAL5eA2iPL~_zixl                                     1 90454746.0 (  8.6%)
            zixl_V91rdrP41 [R]~_zixl                                    89 37311905.0 ( 41.2%)
            zixl_iSe2-2IAL5eA21-tePq~_zixl                               5 24797244.0 ( 27.4%)
              zixl_2IAL5eA2iLq~_zixl                                     5 22604163.0 ( 91.2%)
                zixl_2IAL5eA21-tePq~_zixl                                5 10652683.0 ( 47.1%)
                <zixl_I152>~_zixl                                          11903587.0 ( 52.7%)
              <zixl_I152>~_zixl                                            2193081.0 (  8.8%)
            <zixl_I152>~_zixl                                              28345597.0 ( 31.3%)
          zixl_eiL2-4I1-1eAy-rAeeyAr8~_zixl                             49 69564961.0 (  6.6%)
            zixl_V91rdrP41 [E]~_zixl                                    21 8450024.0 ( 12.1%)
            <zixl_I152>~_zixl                                              61114937.0 ( 87.9%)
          <zixl_I152>~_zixl                                                883835546.0 ( 84.5%)
        <zixl_I152>~_zixl                                                  51762447.0 (  4.7%)
      zixl_bgV-I152PI1-UPI8-ZA44iLq~_zixl                                1 192919677.0 ( 11.8%)
      zixl_5At1-tP42-SA2A~_zixl                                          1 16788878.0 (  1.0%)
        zixl_iSe2-5At1~_zixl                                             1 16783594.0 (100.0%)
          zixl_42-5At1~_zixl                                             5 7360376.0 ( 43.9%)
          zixl_iSe2-32q-5At1~_zixl                                       1 5610934.0 ( 33.4%)
          zixl_4rSy-5At1-iL21IZ1SiA21~_zixl                              1 1533538.0 (  9.1%)
          <zixl_I152>~_zixl                                                2278746.0 ( 13.6%)
      <zixl_I152>~_zixl                                                    319511852.0 ( 19.5%)
    <zixl_I152>~_zixl                                                      18694958791.0 ( 91.9%)


================================================================================
== Profile: PEAK-MEMORY, CPU-freq = 0.00 GHz
                                                          Calls   Peak-Mb         
                                                                                  

