
*** Running vivado
    with args -log SPI_Wrapper.vds -m64 -product Vivado -mode batch -messageDb vivado.pb -notrace -source SPI_Wrapper.tcl


****** Vivado v2018.2 (64-bit)
  **** SW Build 2258646 on Thu Jun 14 20:03:12 MDT 2018
  **** IP Build 2256618 on Thu Jun 14 22:10:49 MDT 2018
    ** Copyright 1986-2018 Xilinx, Inc. All Rights Reserved.

source SPI_Wrapper.tcl -notrace
Command: synth_design -top SPI_Wrapper -part xc7a35ticpg236-1L
Starting synth_design
Attempting to get a license for feature 'Synthesis' and/or device 'xc7a35ti'
INFO: [Common 17-349] Got license for feature 'Synthesis' and/or device 'xc7a35ti'
INFO: Launching helper process for spawning children vivado processes
INFO: Helper process launched with PID 51672 
---------------------------------------------------------------------------------
Starting RTL Elaboration : Time (s): cpu = 00:00:01 ; elapsed = 00:00:01 . Memory (MB): peak = 409.297 ; gain = 96.430
---------------------------------------------------------------------------------
INFO: [Synth 8-6157] synthesizing module 'SPI_Wrapper' [D:/Summer2025/Digital_Design/Degital_Design_SPI_Project/SPI_Wrapper.v:1]
INFO: [Synth 8-6157] synthesizing module 'SPI_Slave' [D:/Summer2025/Digital_Design/Degital_Design_SPI_Project/SPI_Slave.v:1]
	Parameter IDLE bound to: 5'b00000 
	Parameter CHK_CMD bound to: 5'b00001 
	Parameter WRITE bound to: 5'b00010 
	Parameter READ_ADD bound to: 5'b00011 
	Parameter READ_DATA bound to: 5'b00100 
INFO: [Synth 8-5534] Detected attribute (* fsm_encoding = "gray" *) [D:/Summer2025/Digital_Design/Degital_Design_SPI_Project/SPI_Slave.v:20]
INFO: [Synth 8-6157] synthesizing module 'Serial_to_Parallel' [D:/Summer2025/Digital_Design/Degital_Design_SPI_Project/Serial_to_Parallel.v:1]
INFO: [Synth 8-6155] done synthesizing module 'Serial_to_Parallel' (1#1) [D:/Summer2025/Digital_Design/Degital_Design_SPI_Project/Serial_to_Parallel.v:1]
INFO: [Synth 8-6157] synthesizing module 'parallel_to_serial' [D:/Summer2025/Digital_Design/Degital_Design_SPI_Project/parallel_to_serial.v:1]
INFO: [Synth 8-6155] done synthesizing module 'parallel_to_serial' (2#1) [D:/Summer2025/Digital_Design/Degital_Design_SPI_Project/parallel_to_serial.v:1]
WARNING: [Synth 8-567] referenced signal 'addr_or_data' should be on the sensitivity list [D:/Summer2025/Digital_Design/Degital_Design_SPI_Project/SPI_Slave.v:33]
INFO: [Synth 8-6155] done synthesizing module 'SPI_Slave' (3#1) [D:/Summer2025/Digital_Design/Degital_Design_SPI_Project/SPI_Slave.v:1]
INFO: [Synth 8-6157] synthesizing module 'RAM' [D:/Summer2025/Digital_Design/Degital_Design_SPI_Project/RAM.v:1]
	Parameter MEM_DEPTH bound to: 256 - type: integer 
	Parameter ADDR_SIZE bound to: 8 - type: integer 
INFO: [Synth 8-226] default block is never used [D:/Summer2025/Digital_Design/Degital_Design_SPI_Project/RAM.v:24]
INFO: [Synth 8-6155] done synthesizing module 'RAM' (4#1) [D:/Summer2025/Digital_Design/Degital_Design_SPI_Project/RAM.v:1]
INFO: [Synth 8-6155] done synthesizing module 'SPI_Wrapper' (5#1) [D:/Summer2025/Digital_Design/Degital_Design_SPI_Project/SPI_Wrapper.v:1]
---------------------------------------------------------------------------------
Finished RTL Elaboration : Time (s): cpu = 00:00:02 ; elapsed = 00:00:02 . Memory (MB): peak = 464.180 ; gain = 151.312
---------------------------------------------------------------------------------

Report Check Netlist: 
+------+------------------+-------+---------+-------+------------------+
|      |Item              |Errors |Warnings |Status |Description       |
+------+------------------+-------+---------+-------+------------------+
|1     |multi_driven_nets |      0|        0|Passed |Multi driven nets |
+------+------------------+-------+---------+-------+------------------+
---------------------------------------------------------------------------------
Start Handling Custom Attributes
---------------------------------------------------------------------------------
---------------------------------------------------------------------------------
Finished Handling Custom Attributes : Time (s): cpu = 00:00:02 ; elapsed = 00:00:02 . Memory (MB): peak = 464.180 ; gain = 151.312
---------------------------------------------------------------------------------
---------------------------------------------------------------------------------
Finished RTL Optimization Phase 1 : Time (s): cpu = 00:00:02 ; elapsed = 00:00:02 . Memory (MB): peak = 464.180 ; gain = 151.312
---------------------------------------------------------------------------------
INFO: [Device 21-403] Loading part xc7a35ticpg236-1L
INFO: [Project 1-570] Preparing netlist for logic optimization

Processing XDC Constraints
Initializing timing engine
Parsing XDC File [D:/Summer2025/Digital_Design/Degital_Design_SPI_Project/Vivado/project_2/Constraints_basys3.xdc]
Finished Parsing XDC File [D:/Summer2025/Digital_Design/Degital_Design_SPI_Project/Vivado/project_2/Constraints_basys3.xdc]
INFO: [Project 1-236] Implementation specific constraints were found while reading constraint file [D:/Summer2025/Digital_Design/Degital_Design_SPI_Project/Vivado/project_2/Constraints_basys3.xdc]. These constraints will be ignored for synthesis but will be used in implementation. Impacted constraints are listed in the file [.Xil/SPI_Wrapper_propImpl.xdc].
Resolution: To avoid this warning, move constraints listed in [.Xil/SPI_Wrapper_propImpl.xdc] to another XDC file and exclude this new file from synthesis with the used_in_synthesis property (File Properties dialog in GUI) and re-run elaboration/synthesis.
Completed Processing XDC Constraints

INFO: [Project 1-111] Unisim Transformation Summary:
No Unisim elements were transformed.

Constraint Validation Runtime : Time (s): cpu = 00:00:00 ; elapsed = 00:00:00.002 . Memory (MB): peak = 812.277 ; gain = 0.000
---------------------------------------------------------------------------------
Finished Constraint Validation : Time (s): cpu = 00:00:26 ; elapsed = 00:00:30 . Memory (MB): peak = 812.277 ; gain = 499.410
---------------------------------------------------------------------------------
---------------------------------------------------------------------------------
Start Loading Part and Timing Information
---------------------------------------------------------------------------------
Loading part: xc7a35ticpg236-1L
---------------------------------------------------------------------------------
Finished Loading Part and Timing Information : Time (s): cpu = 00:00:26 ; elapsed = 00:00:30 . Memory (MB): peak = 812.277 ; gain = 499.410
---------------------------------------------------------------------------------
---------------------------------------------------------------------------------
Start Applying 'set_property' XDC Constraints
---------------------------------------------------------------------------------
---------------------------------------------------------------------------------
Finished applying 'set_property' XDC Constraints : Time (s): cpu = 00:00:26 ; elapsed = 00:00:30 . Memory (MB): peak = 812.277 ; gain = 499.410
---------------------------------------------------------------------------------
INFO: [Synth 8-5544] ROM "shift_reg" won't be mapped to Block RAM because address size (4) smaller than threshold (5)
INFO: [Synth 8-5544] ROM "busy" won't be mapped to Block RAM because address size (3) smaller than threshold (5)
INFO: [Synth 8-802] inferred FSM for state register 'cs_reg' in module 'SPI_Slave'
INFO: [Synth 8-5544] ROM "ns" won't be mapped to Block RAM because address size (1) smaller than threshold (5)
INFO: [Synth 8-5544] ROM "ns" won't be mapped to Block RAM because address size (1) smaller than threshold (5)
INFO: [Synth 8-5544] ROM "ns" won't be mapped to Block RAM because address size (1) smaller than threshold (5)
INFO: [Synth 8-5544] ROM "ns" won't be mapped to Block RAM because address size (1) smaller than threshold (5)
---------------------------------------------------------------------------------------------------
                   State |                     New Encoding |                Previous Encoding 
---------------------------------------------------------------------------------------------------
                    IDLE |                              000 |                            00000
                 CHK_CMD |                              001 |                            00001
               READ_DATA |                              011 |                            00100
                READ_ADD |                              010 |                            00011
                   WRITE |                              111 |                            00010
---------------------------------------------------------------------------------------------------
INFO: [Synth 8-3354] encoded FSM with state register 'cs_reg' using encoding 'gray' in module 'SPI_Slave'
INFO: [Synth 8-6430] The Block RAM mem_reg may get memory collision error if read and write address collide. Use attribute (* rw_addr_collision= "yes" *) to avoid collision 
---------------------------------------------------------------------------------
Finished RTL Optimization Phase 2 : Time (s): cpu = 00:00:27 ; elapsed = 00:00:31 . Memory (MB): peak = 812.277 ; gain = 499.410
---------------------------------------------------------------------------------

Report RTL Partitions: 
+-+--------------+------------+----------+
| |RTL Partition |Replication |Instances |
+-+--------------+------------+----------+
+-+--------------+------------+----------+
---------------------------------------------------------------------------------
Start RTL Component Statistics 
---------------------------------------------------------------------------------
Detailed RTL Component Info : 
+---Adders : 
	   2 Input      4 Bit       Adders := 1     
	   2 Input      3 Bit       Adders := 1     
+---Registers : 
	               10 Bit    Registers := 2     
	                8 Bit    Registers := 2     
	                4 Bit    Registers := 1     
	                3 Bit    Registers := 1     
	                1 Bit    Registers := 5     
+---RAMs : 
	               2K Bit         RAMs := 1     
+---Muxes : 
	   4 Input     10 Bit        Muxes := 1     
	   2 Input     10 Bit        Muxes := 1     
	   2 Input      8 Bit        Muxes := 1     
	   6 Input      8 Bit        Muxes := 1     
	   2 Input      4 Bit        Muxes := 1     
	   5 Input      3 Bit        Muxes := 1     
	   2 Input      3 Bit        Muxes := 7     
	   2 Input      1 Bit        Muxes := 14    
	   3 Input      1 Bit        Muxes := 5     
	   4 Input      1 Bit        Muxes := 5     
	   6 Input      1 Bit        Muxes := 1     
---------------------------------------------------------------------------------
Finished RTL Component Statistics 
---------------------------------------------------------------------------------
---------------------------------------------------------------------------------
Start RTL Hierarchical Component Statistics 
---------------------------------------------------------------------------------
Hierarchical RTL Component report 
Module Serial_to_Parallel 
Detailed RTL Component Info : 
+---Adders : 
	   2 Input      4 Bit       Adders := 1     
+---Registers : 
	               10 Bit    Registers := 2     
	                4 Bit    Registers := 1     
	                1 Bit    Registers := 1     
+---Muxes : 
	   2 Input      4 Bit        Muxes := 1     
	   2 Input      1 Bit        Muxes := 2     
Module parallel_to_serial 
Detailed RTL Component Info : 
+---Adders : 
	   2 Input      3 Bit       Adders := 1     
+---Registers : 
	                8 Bit    Registers := 1     
	                3 Bit    Registers := 1     
	                1 Bit    Registers := 1     
+---Muxes : 
	   2 Input      8 Bit        Muxes := 1     
	   2 Input      1 Bit        Muxes := 3     
	   3 Input      1 Bit        Muxes := 1     
Module SPI_Slave 
Detailed RTL Component Info : 
+---Registers : 
	                1 Bit    Registers := 3     
+---Muxes : 
	   4 Input     10 Bit        Muxes := 1     
	   2 Input     10 Bit        Muxes := 1     
	   5 Input      3 Bit        Muxes := 1     
	   2 Input      3 Bit        Muxes := 7     
	   3 Input      1 Bit        Muxes := 4     
	   2 Input      1 Bit        Muxes := 7     
	   4 Input      1 Bit        Muxes := 2     
Module RAM 
Detailed RTL Component Info : 
+---Registers : 
	                8 Bit    Registers := 1     
+---RAMs : 
	               2K Bit         RAMs := 1     
+---Muxes : 
	   6 Input      8 Bit        Muxes := 1     
	   6 Input      1 Bit        Muxes := 1     
	   2 Input      1 Bit        Muxes := 2     
	   4 Input      1 Bit        Muxes := 3     
---------------------------------------------------------------------------------
Finished RTL Hierarchical Component Statistics
---------------------------------------------------------------------------------
---------------------------------------------------------------------------------
Start Part Resource Summary
---------------------------------------------------------------------------------
Part Resources:
DSPs: 90 (col length:60)
BRAMs: 100 (col length: RAMB18 60 RAMB36 30)
---------------------------------------------------------------------------------
Finished Part Resource Summary
---------------------------------------------------------------------------------
---------------------------------------------------------------------------------
Start Cross Boundary and Area Optimization
---------------------------------------------------------------------------------
Warning: Parallel synthesis criteria is not met 
INFO: [Synth 8-6430] The Block RAM u_ram/mem_reg may get memory collision error if read and write address collide. Use attribute (* rw_addr_collision= "yes" *) to avoid collision 
RAM Pipeline Warning: Read Address Register Found For RAM u_ram/mem_reg. We will not be able to pipeline it. This may degrade performance. 
INFO: [Synth 8-3886] merging instance 'dout_reg__0i_42' (FDS) to 'dout_reg__0i_35'
INFO: [Synth 8-3886] merging instance 'dout_reg__0i_41' (FDS) to 'dout_reg__0i_35'
INFO: [Synth 8-3886] merging instance 'dout_reg__0i_40' (FDS) to 'dout_reg__0i_35'
INFO: [Synth 8-3886] merging instance 'dout_reg__0i_39' (FDS) to 'dout_reg__0i_35'
INFO: [Synth 8-3886] merging instance 'dout_reg__0i_38' (FDS) to 'dout_reg__0i_35'
INFO: [Synth 8-3886] merging instance 'rx_data_reg__0i_24' (FDE) to 'rx_data_reg__0i_16'
INFO: [Synth 8-3886] merging instance 'rx_data_reg__0i_23' (FDE) to 'rx_data_reg__0i_16'
INFO: [Synth 8-3886] merging instance 'rx_data_reg__0i_22' (FDE) to 'rx_data_reg__0i_16'
INFO: [Synth 8-3886] merging instance 'rx_data_reg__0i_21' (FDE) to 'rx_data_reg__0i_16'
INFO: [Synth 8-3886] merging instance 'rx_data_reg__0i_20' (FDE) to 'rx_data_reg__0i_16'
INFO: [Synth 8-3886] merging instance 'rx_data_reg__0i_19' (FDE) to 'rx_data_reg__0i_16'
INFO: [Synth 8-3886] merging instance 'rx_data_reg__0i_18' (FDE) to 'rx_data_reg__0i_16'
INFO: [Synth 8-3886] merging instance 'rx_data_reg__0i_17' (FDE) to 'rx_data_reg__0i_16'
INFO: [Synth 8-3886] merging instance 'dout_reg__0i_37' (FDS) to 'dout_reg__0i_35'
INFO: [Synth 8-3886] merging instance 'dout_reg__0i_36' (FDS) to 'dout_reg__0i_35'
INFO: [Synth 8-3886] merging instance 'rx_data_reg__0i_16' (FDE) to 'rx_data_reg__0i_15'
WARNING: [Synth 8-3332] Sequential element (SPI/STP/shift_reg_reg[9]) is unused and will be removed from module SPI_Wrapper.
INFO: [Synth 8-3886] merging instance 'i_35' (FDS) to 'i_26'
---------------------------------------------------------------------------------
Finished Cross Boundary and Area Optimization : Time (s): cpu = 00:00:27 ; elapsed = 00:00:31 . Memory (MB): peak = 812.277 ; gain = 499.410
---------------------------------------------------------------------------------
---------------------------------------------------------------------------------
Start ROM, RAM, DSP and Shift Register Reporting
---------------------------------------------------------------------------------

Block RAM: Preliminary Mapping  Report (see note below)
+------------+------------+------------------------+---+---+------------------------+---+---+------------------+--------+--------+
|Module Name | RTL Object | PORT A (Depth x Width) | W | R | PORT B (Depth x Width) | W | R | Ports driving FF | RAMB18 | RAMB36 | 
+------------+------------+------------------------+---+---+------------------------+---+---+------------------+--------+--------+
|RAM:        | mem_reg    | 256 x 8(READ_FIRST)    | W |   | 256 x 8(WRITE_FIRST)   |   | R | Port A and B     | 1      | 0      | 
+------------+------------+------------------------+---+---+------------------------+---+---+------------------+--------+--------+

Note: The tale above is a preliminary report that shows the Block RAMs at the current stage of the synthesis flow. Some Block RAMs may be reimplemented as non Block RAM primitives later in the synthesis flow. Multiple instantiated Block RAMs are reported only once. 
---------------------------------------------------------------------------------
Finished ROM, RAM, DSP and Shift Register Reporting
---------------------------------------------------------------------------------

Report RTL Partitions: 
+-+--------------+------------+----------+
| |RTL Partition |Replication |Instances |
+-+--------------+------------+----------+
+-+--------------+------------+----------+
---------------------------------------------------------------------------------
Start Applying XDC Timing Constraints
---------------------------------------------------------------------------------
---------------------------------------------------------------------------------
Finished Applying XDC Timing Constraints : Time (s): cpu = 00:00:38 ; elapsed = 00:00:44 . Memory (MB): peak = 812.277 ; gain = 499.410
---------------------------------------------------------------------------------
---------------------------------------------------------------------------------
Start Timing Optimization
---------------------------------------------------------------------------------
---------------------------------------------------------------------------------
Finished Timing Optimization : Time (s): cpu = 00:00:38 ; elapsed = 00:00:44 . Memory (MB): peak = 812.277 ; gain = 499.410
---------------------------------------------------------------------------------
---------------------------------------------------------------------------------
Start ROM, RAM, DSP and Shift Register Reporting
---------------------------------------------------------------------------------

Block RAM: Final Mapping  Report
+------------+------------+------------------------+---+---+------------------------+---+---+------------------+--------+--------+
|Module Name | RTL Object | PORT A (Depth x Width) | W | R | PORT B (Depth x Width) | W | R | Ports driving FF | RAMB18 | RAMB36 | 
+------------+------------+------------------------+---+---+------------------------+---+---+------------------+--------+--------+
|RAM:        | mem_reg    | 256 x 8(READ_FIRST)    | W |   | 256 x 8(WRITE_FIRST)   |   | R | Port A and B     | 1      | 0      | 
+------------+------------+------------------------+---+---+------------------------+---+---+------------------+--------+--------+

---------------------------------------------------------------------------------
Finished ROM, RAM, DSP and Shift Register Reporting
---------------------------------------------------------------------------------

Report RTL Partitions: 
+-+--------------+------------+----------+
| |RTL Partition |Replication |Instances |
+-+--------------+------------+----------+
+-+--------------+------------+----------+
---------------------------------------------------------------------------------
Start Technology Mapping
---------------------------------------------------------------------------------
---------------------------------------------------------------------------------
Finished Technology Mapping : Time (s): cpu = 00:00:38 ; elapsed = 00:00:44 . Memory (MB): peak = 831.004 ; gain = 518.137
---------------------------------------------------------------------------------

Report RTL Partitions: 
+-+--------------+------------+----------+
| |RTL Partition |Replication |Instances |
+-+--------------+------------+----------+
+-+--------------+------------+----------+
---------------------------------------------------------------------------------
Start IO Insertion
---------------------------------------------------------------------------------
---------------------------------------------------------------------------------
Start Flattening Before IO Insertion
---------------------------------------------------------------------------------
---------------------------------------------------------------------------------
Finished Flattening Before IO Insertion
---------------------------------------------------------------------------------
---------------------------------------------------------------------------------
Start Final Netlist Cleanup
---------------------------------------------------------------------------------
---------------------------------------------------------------------------------
Finished Final Netlist Cleanup
---------------------------------------------------------------------------------
---------------------------------------------------------------------------------
Finished IO Insertion : Time (s): cpu = 00:00:39 ; elapsed = 00:00:46 . Memory (MB): peak = 831.004 ; gain = 518.137
---------------------------------------------------------------------------------

Report Check Netlist: 
+------+------------------+-------+---------+-------+------------------+
|      |Item              |Errors |Warnings |Status |Description       |
+------+------------------+-------+---------+-------+------------------+
|1     |multi_driven_nets |      0|        0|Passed |Multi driven nets |
+------+------------------+-------+---------+-------+------------------+
---------------------------------------------------------------------------------
Start Renaming Generated Instances
---------------------------------------------------------------------------------
---------------------------------------------------------------------------------
Finished Renaming Generated Instances : Time (s): cpu = 00:00:39 ; elapsed = 00:00:46 . Memory (MB): peak = 831.004 ; gain = 518.137
---------------------------------------------------------------------------------

Report RTL Partitions: 
+-+--------------+------------+----------+
| |RTL Partition |Replication |Instances |
+-+--------------+------------+----------+
+-+--------------+------------+----------+
---------------------------------------------------------------------------------
Start Rebuilding User Hierarchy
---------------------------------------------------------------------------------
---------------------------------------------------------------------------------
Finished Rebuilding User Hierarchy : Time (s): cpu = 00:00:39 ; elapsed = 00:00:46 . Memory (MB): peak = 831.004 ; gain = 518.137
---------------------------------------------------------------------------------
---------------------------------------------------------------------------------
Start Renaming Generated Ports
---------------------------------------------------------------------------------
---------------------------------------------------------------------------------
Finished Renaming Generated Ports : Time (s): cpu = 00:00:39 ; elapsed = 00:00:46 . Memory (MB): peak = 831.004 ; gain = 518.137
---------------------------------------------------------------------------------
---------------------------------------------------------------------------------
Start Handling Custom Attributes
---------------------------------------------------------------------------------
---------------------------------------------------------------------------------
Finished Handling Custom Attributes : Time (s): cpu = 00:00:39 ; elapsed = 00:00:46 . Memory (MB): peak = 831.004 ; gain = 518.137
---------------------------------------------------------------------------------
---------------------------------------------------------------------------------
Start Renaming Generated Nets
---------------------------------------------------------------------------------
---------------------------------------------------------------------------------
Finished Renaming Generated Nets : Time (s): cpu = 00:00:39 ; elapsed = 00:00:46 . Memory (MB): peak = 831.004 ; gain = 518.137
---------------------------------------------------------------------------------
---------------------------------------------------------------------------------
Start Writing Synthesis Report
---------------------------------------------------------------------------------

Report BlackBoxes: 
+-+--------------+----------+
| |BlackBox name |Instances |
+-+--------------+----------+
+-+--------------+----------+

Report Cell Usage: 
+------+-----------+------+
|      |Cell       |Count |
+------+-----------+------+
|1     |BUFG       |     1|
|2     |LUT1       |     4|
|3     |LUT2       |    22|
|4     |LUT3       |     3|
|5     |LUT4       |    17|
|6     |LUT5       |     5|
|7     |LUT6       |    13|
|8     |RAMB18E1_1 |     1|
|9     |FDCE       |     3|
|10    |FDRE       |    69|
|11    |FDSE       |     1|
|12    |IBUF       |     4|
|13    |OBUFT      |     1|
+------+-----------+------+

Report Instance Areas: 
+------+---------+-------------------+------+
|      |Instance |Module             |Cells |
+------+---------+-------------------+------+
|1     |top      |                   |   144|
|2     |  SPI    |SPI_Slave          |   104|
|3     |    PTS  |parallel_to_serial |    28|
|4     |    STP  |Serial_to_Parallel |    36|
|5     |  u_ram  |RAM                |    22|
+------+---------+-------------------+------+
---------------------------------------------------------------------------------
Finished Writing Synthesis Report : Time (s): cpu = 00:00:39 ; elapsed = 00:00:46 . Memory (MB): peak = 831.004 ; gain = 518.137
---------------------------------------------------------------------------------
Synthesis finished with 0 errors, 0 critical warnings and 1 warnings.
Synthesis Optimization Runtime : Time (s): cpu = 00:00:15 ; elapsed = 00:00:20 . Memory (MB): peak = 831.004 ; gain = 170.039
Synthesis Optimization Complete : Time (s): cpu = 00:00:39 ; elapsed = 00:00:46 . Memory (MB): peak = 831.004 ; gain = 518.137
INFO: [Project 1-571] Translating synthesized netlist
INFO: [Netlist 29-17] Analyzing 5 Unisim elements for replacement
INFO: [Netlist 29-28] Unisim Transformation completed in 0 CPU seconds
INFO: [Project 1-570] Preparing netlist for logic optimization
INFO: [Opt 31-138] Pushed 0 inverter(s) to 0 load pin(s).
INFO: [Project 1-111] Unisim Transformation Summary:
No Unisim elements were transformed.

INFO: [Common 17-83] Releasing license: Synthesis
51 Infos, 2 Warnings, 0 Critical Warnings and 0 Errors encountered.
synth_design completed successfully
synth_design: Time (s): cpu = 00:00:41 ; elapsed = 00:00:48 . Memory (MB): peak = 831.004 ; gain = 531.102
WARNING: [Constraints 18-5210] No constraint will be written out.
INFO: [Common 17-1381] The checkpoint 'D:/Summer2025/Digital_Design/Degital_Design_SPI_Project/Vivado/project_2/project_2.runs/synth_1/SPI_Wrapper.dcp' has been generated.
INFO: [runtcl-4] Executing : report_utilization -file SPI_Wrapper_utilization_synth.rpt -pb SPI_Wrapper_utilization_synth.pb
report_utilization: Time (s): cpu = 00:00:00 ; elapsed = 00:00:00.034 . Memory (MB): peak = 831.004 ; gain = 0.000
INFO: [Common 17-206] Exiting Vivado at Mon Aug  4 03:49:35 2025...
